mode: set
github.com/rovshanmuradov/solana-bot/internal/dex/raydium/raydium.go:18.83,24.2 1 0
github.com/rovshanmuradov/solana-bot/internal/dex/raydium/raydium.go:26.29,28.2 1 1
github.com/rovshanmuradov/solana-bot/internal/dex/raydium/raydium.go:38.31,47.12 3 1
github.com/rovshanmuradov/solana-bot/internal/dex/raydium/raydium.go:47.12,58.3 2 1
github.com/rovshanmuradov/solana-bot/internal/dex/raydium/raydium.go:61.2,61.9 1 1
github.com/rovshanmuradov/solana-bot/internal/dex/raydium/raydium.go:62.20,63.65 1 0
github.com/rovshanmuradov/solana-bot/internal/dex/raydium/raydium.go:64.22,65.21 1 1
github.com/rovshanmuradov/solana-bot/internal/dex/raydium/raydium.go:65.21,67.4 1 0
github.com/rovshanmuradov/solana-bot/internal/dex/raydium/raydium.go:68.3,68.30 1 1
github.com/rovshanmuradov/solana-bot/internal/dex/raydium/raydium.go:77.9,96.16 6 1
github.com/rovshanmuradov/solana-bot/internal/dex/raydium/raydium.go:96.16,97.47 1 0
github.com/rovshanmuradov/solana-bot/internal/dex/raydium/raydium.go:97.47,99.4 1 0
github.com/rovshanmuradov/solana-bot/internal/dex/raydium/raydium.go:100.3,100.67 1 0
github.com/rovshanmuradov/solana-bot/internal/dex/raydium/raydium.go:104.2,104.82 1 1
github.com/rovshanmuradov/solana-bot/internal/dex/raydium/transaction.go:19.59,23.78 2 1
github.com/rovshanmuradov/solana-bot/internal/dex/raydium/transaction.go:23.78,25.3 1 0
github.com/rovshanmuradov/solana-bot/internal/dex/raydium/transaction.go:26.2,26.75 1 1
github.com/rovshanmuradov/solana-bot/internal/dex/raydium/transaction.go:26.75,28.3 1 0
github.com/rovshanmuradov/solana-bot/internal/dex/raydium/transaction.go:29.2,29.79 1 1
github.com/rovshanmuradov/solana-bot/internal/dex/raydium/transaction.go:29.79,31.3 1 0
github.com/rovshanmuradov/solana-bot/internal/dex/raydium/transaction.go:33.2,33.25 1 1
github.com/rovshanmuradov/solana-bot/internal/dex/raydium/transaction.go:45.31,80.16 5 1
github.com/rovshanmuradov/solana-bot/internal/dex/raydium/transaction.go:80.16,83.3 2 0
github.com/rovshanmuradov/solana-bot/internal/dex/raydium/transaction.go:86.2,92.25 2 1
github.com/rovshanmuradov/solana-bot/internal/dex/raydium/transaction.go:102.9,105.16 2 1
github.com/rovshanmuradov/solana-bot/internal/dex/raydium/transaction.go:105.16,108.3 2 1
github.com/rovshanmuradov/solana-bot/internal/dex/raydium/transaction.go:111.2,116.16 3 1
github.com/rovshanmuradov/solana-bot/internal/dex/raydium/transaction.go:116.16,119.3 2 0
github.com/rovshanmuradov/solana-bot/internal/dex/raydium/transaction.go:122.2,131.16 5 1
github.com/rovshanmuradov/solana-bot/internal/dex/raydium/transaction.go:131.16,134.3 2 0
github.com/rovshanmuradov/solana-bot/internal/dex/raydium/transaction.go:137.2,138.49 1 1
github.com/rovshanmuradov/solana-bot/internal/dex/raydium/transaction.go:138.49,139.40 1 1
github.com/rovshanmuradov/solana-bot/internal/dex/raydium/transaction.go:139.40,141.5 1 1
github.com/rovshanmuradov/solana-bot/internal/dex/raydium/transaction.go:142.4,142.14 1 0
github.com/rovshanmuradov/solana-bot/internal/dex/raydium/transaction.go:145.2,145.16 1 1
github.com/rovshanmuradov/solana-bot/internal/dex/raydium/transaction.go:145.16,148.3 2 0
github.com/rovshanmuradov/solana-bot/internal/dex/raydium/transaction.go:151.2,151.64 1 1
github.com/rovshanmuradov/solana-bot/internal/dex/raydium/transaction.go:151.64,153.17 2 1
github.com/rovshanmuradov/solana-bot/internal/dex/raydium/transaction.go:153.17,156.4 2 1
github.com/rovshanmuradov/solana-bot/internal/dex/raydium/transaction.go:157.3,158.13 2 1
github.com/rovshanmuradov/solana-bot/internal/dex/raydium/transaction.go:160.2,160.16 1 1
github.com/rovshanmuradov/solana-bot/internal/dex/raydium/transaction.go:160.16,163.3 2 1
github.com/rovshanmuradov/solana-bot/internal/dex/raydium/transaction.go:165.2,165.12 1 1
github.com/rovshanmuradov/solana-bot/internal/dex/raydium/types.go:43.38,45.2 1 0
github.com/rovshanmuradov/solana-bot/internal/dex/raydium/types.go:47.35,49.2 1 0
github.com/rovshanmuradov/solana-bot/internal/dex/raydium/types.go:51.52,53.2 1 0
